<?xml version="1.0" encoding="UTF-8"?>
<testng-results ignored="0" total="1" passed="1" failed="0" skipped="0">
  <reporter-output>
  </reporter-output>
  <suite started-at="2018-01-31T18:12:29Z" name="Default suite" finished-at="2018-01-31T18:12:40Z" duration-ms="10759">
    <groups>
    </groups>
    <test started-at="2018-01-31T18:12:29Z" name="Default test" finished-at="2018-01-31T18:12:40Z" duration-ms="10759">
      <class name="TestCases.TestBase">
        <test-method is-config="true" signature="beforeClass()[pri:0, instance:TestCases.TestBase@932bc4a]" started-at="2018-01-31T21:12:29Z" name="beforeClass" finished-at="2018-01-31T21:12:37Z" duration-ms="8416" status="PASS">
          <reporter-output>
          </reporter-output>
        </test-method> <!-- beforeClass -->
        <test-method signature="f()[pri:0, instance:TestCases.TestBase@932bc4a]" started-at="2018-01-31T21:12:37Z" name="f" finished-at="2018-01-31T21:12:37Z" duration-ms="7" status="PASS">
          <reporter-output>
          </reporter-output>
        </test-method> <!-- f -->
        <test-method is-config="true" signature="afterClass()[pri:0, instance:TestCases.TestBase@932bc4a]" started-at="2018-01-31T21:12:37Z" name="afterClass" finished-at="2018-01-31T21:12:40Z" duration-ms="2313" status="PASS">
          <reporter-output>
          </reporter-output>
        </test-method> <!-- afterClass -->
      </class> <!-- TestCases.TestBase -->
    </test> <!-- Default test -->
  </suite> <!-- Default suite -->
</testng-results>
